[0.034s] Invoking command in '/home/aitor/ros2_ws/src/laboratorio-1-AigarciabFabero/practica_1/build/examples_rclcpp_minimal_composition': CMAKE_PREFIX_PATH=/opt/ros/humble /usr/bin/cmake /home/aitor/ros2_ws/src/laboratorio-1-AigarciabFabero/practica_1/examples/rclcpp/composition/minimal_composition -DCMAKE_INSTALL_PREFIX=/home/aitor/ros2_ws/src/laboratorio-1-AigarciabFabero/practica_1/install/examples_rclcpp_minimal_composition
[1.177s] -- The C compiler identification is GNU 11.4.0
[1.293s] -- The CXX compiler identification is GNU 11.4.0
[1.302s] -- Detecting C compiler ABI info
[1.478s] -- Detecting C compiler ABI info - done
[1.488s] -- Check for working C compiler: /usr/bin/cc - skipped
[1.489s] -- Detecting C compile features
[1.491s] -- Detecting C compile features - done
[1.496s] -- Detecting CXX compiler ABI info
[1.720s] -- Detecting CXX compiler ABI info - done
[1.730s] -- Check for working CXX compiler: /usr/bin/c++ - skipped
[1.730s] -- Detecting CXX compile features
[1.731s] -- Detecting CXX compile features - done
[1.872s] -- Found ament_cmake: 1.3.10 (/opt/ros/humble/share/ament_cmake/cmake)
[2.218s] -- Found Python3: /usr/bin/python3 (found version "3.10.12") found components: Interpreter 
[2.623s] -- Found rclcpp: 16.0.10 (/opt/ros/humble/share/rclcpp/cmake)
[3.044s] -- Found rosidl_generator_c: 3.1.5 (/opt/ros/humble/share/rosidl_generator_c/cmake)
[3.108s] -- Found rosidl_adapter: 3.1.5 (/opt/ros/humble/share/rosidl_adapter/cmake)
[3.130s] -- Found rosidl_generator_cpp: 3.1.5 (/opt/ros/humble/share/rosidl_generator_cpp/cmake)
[3.239s] -- Using all available rosidl_typesupport_c: rosidl_typesupport_fastrtps_c;rosidl_typesupport_introspection_c
[3.322s] -- Using all available rosidl_typesupport_cpp: rosidl_typesupport_fastrtps_cpp;rosidl_typesupport_introspection_cpp
[3.647s] -- Found rmw_implementation_cmake: 6.1.2 (/opt/ros/humble/share/rmw_implementation_cmake/cmake)
[3.653s] -- Found rmw_fastrtps_cpp: 6.2.7 (/opt/ros/humble/share/rmw_fastrtps_cpp/cmake)
[4.200s] -- Found OpenSSL: /usr/lib/x86_64-linux-gnu/libcrypto.so (found version "3.0.2")  
[4.273s] -- Found FastRTPS: /opt/ros/humble/include  
[4.337s] -- Using RMW implementation 'rmw_fastrtps_cpp' as default
[4.406s] -- Looking for pthread.h
[4.608s] -- Looking for pthread.h - found
[4.609s] -- Performing Test CMAKE_HAVE_LIBC_PTHREAD
[4.766s] -- Performing Test CMAKE_HAVE_LIBC_PTHREAD - Success
[4.766s] -- Found Threads: TRUE  
[5.136s] -- Found rclcpp_components: 16.0.10 (/opt/ros/humble/share/rclcpp_components/cmake)
[5.387s] -- Found ament_lint_auto: 0.12.11 (/opt/ros/humble/share/ament_lint_auto/cmake)
[5.479s] -- Added test 'copyright' to check source files copyright and LICENSE
[5.482s] -- Added test 'cppcheck' to perform static code analysis on C / C++ code
[5.491s] -- Configured cppcheck include dirs: /home/aitor/ros2_ws/src/laboratorio-1-AigarciabFabero/practica_1/examples/rclcpp/composition/minimal_composition/include
[5.491s] -- Configured cppcheck exclude dirs and/or files: 
[5.491s] -- Added test 'cpplint' to check C / C++ code against the Google style
[5.491s] -- Configured cpplint exclude dirs and/or files: 
[5.491s] -- Added test 'lint_cmake' to check CMake code style
[5.491s] -- Added test 'uncrustify' to check C / C++ code style
[5.492s] -- Configured uncrustify additional arguments: 
[5.492s] -- Added test 'xmllint' to check XML markup files
[5.492s] -- Configuring done
[5.536s] -- Generating done
[5.558s] -- Build files have been written to: /home/aitor/ros2_ws/src/laboratorio-1-AigarciabFabero/practica_1/build/examples_rclcpp_minimal_composition
[5.616s] Invoked command in '/home/aitor/ros2_ws/src/laboratorio-1-AigarciabFabero/practica_1/build/examples_rclcpp_minimal_composition' returned '0': CMAKE_PREFIX_PATH=/opt/ros/humble /usr/bin/cmake /home/aitor/ros2_ws/src/laboratorio-1-AigarciabFabero/practica_1/examples/rclcpp/composition/minimal_composition -DCMAKE_INSTALL_PREFIX=/home/aitor/ros2_ws/src/laboratorio-1-AigarciabFabero/practica_1/install/examples_rclcpp_minimal_composition
[5.618s] Invoking command in '/home/aitor/ros2_ws/src/laboratorio-1-AigarciabFabero/practica_1/build/examples_rclcpp_minimal_composition': CMAKE_PREFIX_PATH=/opt/ros/humble /usr/bin/cmake --build /home/aitor/ros2_ws/src/laboratorio-1-AigarciabFabero/practica_1/build/examples_rclcpp_minimal_composition -- -j12 -l12
[6.314s] gmake[2]: *** [CMakeFiles/composition_nodes.dir/build.make:90: CMakeFiles/composition_nodes.dir/src/subscriber_node.cpp.o] Interrupción
[6.314s] gmake[2]: *** [CMakeFiles/composition_nodes.dir/build.make:76: CMakeFiles/composition_nodes.dir/src/publisher_node.cpp.o] Interrupción
[6.315s] gmake[1]: *** [CMakeFiles/Makefile2:143: CMakeFiles/composition_nodes.dir/all] Interrupción
[6.315s] gmake: *** [Makefile:146: all] Interrupción
[6.316s] [ 11%] [32mBuilding CXX object CMakeFiles/composition_nodes.dir/src/subscriber_node.cpp.o[0m
[6.316s] [ 22%] [32mBuilding CXX object CMakeFiles/composition_nodes.dir/src/publisher_node.cpp.o[0m
[6.327s] Invoked command in '/home/aitor/ros2_ws/src/laboratorio-1-AigarciabFabero/practica_1/build/examples_rclcpp_minimal_composition' returned '-2': CMAKE_PREFIX_PATH=/opt/ros/humble /usr/bin/cmake --build /home/aitor/ros2_ws/src/laboratorio-1-AigarciabFabero/practica_1/build/examples_rclcpp_minimal_composition -- -j12 -l12
