[0.034s] Invoking command in '/home/aitor/ros2_ws/src/laboratorio-1-AigarciabFabero/practica_1/build/examples_rclcpp_minimal_service': CMAKE_PREFIX_PATH=/opt/ros/humble /usr/bin/cmake /home/aitor/ros2_ws/src/laboratorio-1-AigarciabFabero/practica_1/examples/rclcpp/services/minimal_service -DCMAKE_INSTALL_PREFIX=/home/aitor/ros2_ws/src/laboratorio-1-AigarciabFabero/practica_1/install/examples_rclcpp_minimal_service
[5.364s] -- The C compiler identification is GNU 11.4.0
[5.365s] -- The CXX compiler identification is GNU 11.4.0
[5.365s] -- Detecting C compiler ABI info
[5.365s] -- Detecting C compiler ABI info - done
[5.365s] -- Check for working C compiler: /usr/bin/cc - skipped
[5.365s] -- Detecting C compile features
[5.365s] -- Detecting C compile features - done
[5.365s] -- Detecting CXX compiler ABI info
[5.365s] -- Detecting CXX compiler ABI info - done
[5.365s] -- Check for working CXX compiler: /usr/bin/c++ - skipped
[5.365s] -- Detecting CXX compile features
[5.365s] -- Detecting CXX compile features - done
[5.365s] -- Found ament_cmake: 1.3.10 (/opt/ros/humble/share/ament_cmake/cmake)
[5.365s] -- Found Python3: /usr/bin/python3 (found version "3.10.12") found components: Interpreter 
[5.365s] -- Found example_interfaces: 0.9.3 (/opt/ros/humble/share/example_interfaces/cmake)
[5.365s] -- Found rosidl_generator_c: 3.1.5 (/opt/ros/humble/share/rosidl_generator_c/cmake)
[5.365s] -- Found rosidl_adapter: 3.1.5 (/opt/ros/humble/share/rosidl_adapter/cmake)
[5.365s] -- Found rosidl_generator_cpp: 3.1.5 (/opt/ros/humble/share/rosidl_generator_cpp/cmake)
[5.365s] -- Using all available rosidl_typesupport_c: rosidl_typesupport_fastrtps_c;rosidl_typesupport_introspection_c
[5.365s] -- Using all available rosidl_typesupport_cpp: rosidl_typesupport_fastrtps_cpp;rosidl_typesupport_introspection_cpp
[5.365s] -- Found rclcpp: 16.0.10 (/opt/ros/humble/share/rclcpp/cmake)
[5.365s] -- Found rmw_implementation_cmake: 6.1.2 (/opt/ros/humble/share/rmw_implementation_cmake/cmake)
[5.365s] -- Found rmw_fastrtps_cpp: 6.2.7 (/opt/ros/humble/share/rmw_fastrtps_cpp/cmake)
[5.365s] -- Found OpenSSL: /usr/lib/x86_64-linux-gnu/libcrypto.so (found version "3.0.2")  
[5.366s] -- Found FastRTPS: /opt/ros/humble/include  
[5.366s] -- Using RMW implementation 'rmw_fastrtps_cpp' as default
[5.366s] -- Looking for pthread.h
[5.366s] -- Looking for pthread.h - found
[5.366s] -- Performing Test CMAKE_HAVE_LIBC_PTHREAD
[5.366s] -- Performing Test CMAKE_HAVE_LIBC_PTHREAD - Success
[5.366s] -- Found Threads: TRUE  
[5.366s] -- Found ament_lint_auto: 0.12.11 (/opt/ros/humble/share/ament_lint_auto/cmake)
[5.477s] -- Added test 'copyright' to check source files copyright and LICENSE
[5.478s] -- Added test 'cppcheck' to perform static code analysis on C / C++ code
[5.478s] -- Configured cppcheck include dirs: 
[5.478s] -- Configured cppcheck exclude dirs and/or files: 
[5.486s] -- Added test 'cpplint' to check C / C++ code against the Google style
[5.487s] -- Configured cpplint exclude dirs and/or files: 
[5.487s] -- Added test 'lint_cmake' to check CMake code style
[5.487s] -- Added test 'uncrustify' to check C / C++ code style
[5.487s] -- Configured uncrustify additional arguments: 
[5.487s] -- Added test 'xmllint' to check XML markup files
[5.488s] -- Configuring done
[5.517s] -- Generating done
[5.522s] -- Build files have been written to: /home/aitor/ros2_ws/src/laboratorio-1-AigarciabFabero/practica_1/build/examples_rclcpp_minimal_service
[5.562s] Invoked command in '/home/aitor/ros2_ws/src/laboratorio-1-AigarciabFabero/practica_1/build/examples_rclcpp_minimal_service' returned '0': CMAKE_PREFIX_PATH=/opt/ros/humble /usr/bin/cmake /home/aitor/ros2_ws/src/laboratorio-1-AigarciabFabero/practica_1/examples/rclcpp/services/minimal_service -DCMAKE_INSTALL_PREFIX=/home/aitor/ros2_ws/src/laboratorio-1-AigarciabFabero/practica_1/install/examples_rclcpp_minimal_service
[5.564s] Invoking command in '/home/aitor/ros2_ws/src/laboratorio-1-AigarciabFabero/practica_1/build/examples_rclcpp_minimal_service': CMAKE_PREFIX_PATH=/opt/ros/humble /usr/bin/cmake --build /home/aitor/ros2_ws/src/laboratorio-1-AigarciabFabero/practica_1/build/examples_rclcpp_minimal_service -- -j12 -l12
[5.643s] [ 50%] [32mBuilding CXX object CMakeFiles/service_main.dir/main.cpp.o[0m
[6.296s] gmake[2]: *** [CMakeFiles/service_main.dir/build.make:76: CMakeFiles/service_main.dir/main.cpp.o] Interrupción
[6.296s] gmake[1]: *** [CMakeFiles/Makefile2:137: CMakeFiles/service_main.dir/all] Interrupción
[6.296s] gmake: *** [Makefile:146: all] Interrupción
[6.314s] Invoked command in '/home/aitor/ros2_ws/src/laboratorio-1-AigarciabFabero/practica_1/build/examples_rclcpp_minimal_service' returned '-2': CMAKE_PREFIX_PATH=/opt/ros/humble /usr/bin/cmake --build /home/aitor/ros2_ws/src/laboratorio-1-AigarciabFabero/practica_1/build/examples_rclcpp_minimal_service -- -j12 -l12
