[0.035s] Invoking command in '/home/aitor/ros2_ws/src/laboratorio-1-AigarciabFabero/practica_1/build/examples_rclcpp_async_client': CMAKE_PREFIX_PATH=/opt/ros/humble /usr/bin/cmake /home/aitor/ros2_ws/src/laboratorio-1-AigarciabFabero/practica_1/examples/rclcpp/services/async_client -DCMAKE_INSTALL_PREFIX=/home/aitor/ros2_ws/src/laboratorio-1-AigarciabFabero/practica_1/install/examples_rclcpp_async_client
[1.187s] -- The C compiler identification is GNU 11.4.0
[1.294s] -- The CXX compiler identification is GNU 11.4.0
[1.313s] -- Detecting C compiler ABI info
[1.488s] -- Detecting C compiler ABI info - done
[1.499s] -- Check for working C compiler: /usr/bin/cc - skipped
[1.500s] -- Detecting C compile features
[1.504s] -- Detecting C compile features - done
[1.514s] -- Detecting CXX compiler ABI info
[1.726s] -- Detecting CXX compiler ABI info - done
[1.745s] -- Check for working CXX compiler: /usr/bin/c++ - skipped
[1.745s] -- Detecting CXX compile features
[1.746s] -- Detecting CXX compile features - done
[1.885s] -- Found ament_cmake: 1.3.10 (/opt/ros/humble/share/ament_cmake/cmake)
[2.224s] -- Found Python3: /usr/bin/python3 (found version "3.10.12") found components: Interpreter 
[2.614s] -- Found example_interfaces: 0.9.3 (/opt/ros/humble/share/example_interfaces/cmake)
[3.056s] -- Found rosidl_generator_c: 3.1.5 (/opt/ros/humble/share/rosidl_generator_c/cmake)
[3.120s] -- Found rosidl_adapter: 3.1.5 (/opt/ros/humble/share/rosidl_adapter/cmake)
[3.133s] -- Found rosidl_generator_cpp: 3.1.5 (/opt/ros/humble/share/rosidl_generator_cpp/cmake)
[3.251s] -- Using all available rosidl_typesupport_c: rosidl_typesupport_fastrtps_c;rosidl_typesupport_introspection_c
[3.334s] -- Using all available rosidl_typesupport_cpp: rosidl_typesupport_fastrtps_cpp;rosidl_typesupport_introspection_cpp
[3.668s] -- Found rclcpp: 16.0.10 (/opt/ros/humble/share/rclcpp/cmake)
[3.704s] -- Found rmw_implementation_cmake: 6.1.2 (/opt/ros/humble/share/rmw_implementation_cmake/cmake)
[3.706s] -- Found rmw_fastrtps_cpp: 6.2.7 (/opt/ros/humble/share/rmw_fastrtps_cpp/cmake)
[4.212s] -- Found OpenSSL: /usr/lib/x86_64-linux-gnu/libcrypto.so (found version "3.0.2")  
[4.285s] -- Found FastRTPS: /opt/ros/humble/include  
[4.349s] -- Using RMW implementation 'rmw_fastrtps_cpp' as default
[4.418s] -- Looking for pthread.h
[4.619s] -- Looking for pthread.h - found
[4.619s] -- Performing Test CMAKE_HAVE_LIBC_PTHREAD
[4.767s] -- Performing Test CMAKE_HAVE_LIBC_PTHREAD - Success
[4.771s] -- Found Threads: TRUE  
[5.149s] -- Found ament_lint_auto: 0.12.11 (/opt/ros/humble/share/ament_lint_auto/cmake)
[5.491s] -- Added test 'copyright' to check source files copyright and LICENSE
[5.500s] -- Added test 'cppcheck' to perform static code analysis on C / C++ code
[5.500s] -- Configured cppcheck include dirs: 
[5.500s] -- Configured cppcheck exclude dirs and/or files: 
[5.501s] -- Added test 'cpplint' to check C / C++ code against the Google style
[5.501s] -- Configured cpplint exclude dirs and/or files: 
[5.501s] -- Added test 'lint_cmake' to check CMake code style
[5.502s] -- Added test 'uncrustify' to check C / C++ code style
[5.502s] -- Configured uncrustify additional arguments: 
[5.502s] -- Added test 'xmllint' to check XML markup files
[5.505s] -- Configuring done
[5.545s] -- Generating done
[5.550s] -- Build files have been written to: /home/aitor/ros2_ws/src/laboratorio-1-AigarciabFabero/practica_1/build/examples_rclcpp_async_client
[5.606s] Invoked command in '/home/aitor/ros2_ws/src/laboratorio-1-AigarciabFabero/practica_1/build/examples_rclcpp_async_client' returned '0': CMAKE_PREFIX_PATH=/opt/ros/humble /usr/bin/cmake /home/aitor/ros2_ws/src/laboratorio-1-AigarciabFabero/practica_1/examples/rclcpp/services/async_client -DCMAKE_INSTALL_PREFIX=/home/aitor/ros2_ws/src/laboratorio-1-AigarciabFabero/practica_1/install/examples_rclcpp_async_client
[5.609s] Invoking command in '/home/aitor/ros2_ws/src/laboratorio-1-AigarciabFabero/practica_1/build/examples_rclcpp_async_client': CMAKE_PREFIX_PATH=/opt/ros/humble /usr/bin/cmake --build /home/aitor/ros2_ws/src/laboratorio-1-AigarciabFabero/practica_1/build/examples_rclcpp_async_client -- -j12 -l12
[6.322s] [ 50%] [32mBuilding CXX object CMakeFiles/client_main.dir/main.cpp.o[0m
[6.327s] gmake[2]: *** [CMakeFiles/client_main.dir/build.make:76: CMakeFiles/client_main.dir/main.cpp.o] Interrupción
[6.327s] gmake[1]: *** [CMakeFiles/Makefile2:137: CMakeFiles/client_main.dir/all] Interrupción
[6.328s] gmake: *** [Makefile:146: all] Interrupción
[6.332s] Invoked command in '/home/aitor/ros2_ws/src/laboratorio-1-AigarciabFabero/practica_1/build/examples_rclcpp_async_client' returned '-2': CMAKE_PREFIX_PATH=/opt/ros/humble /usr/bin/cmake --build /home/aitor/ros2_ws/src/laboratorio-1-AigarciabFabero/practica_1/build/examples_rclcpp_async_client -- -j12 -l12
