[0.034s] Invoking command in '/home/aitor/ros2_ws/src/laboratorio-1-AigarciabFabero/practica_1/build/examples_rclcpp_minimal_action_server': CMAKE_PREFIX_PATH=/opt/ros/humble /usr/bin/cmake /home/aitor/ros2_ws/src/laboratorio-1-AigarciabFabero/practica_1/examples/rclcpp/actions/minimal_action_server -DCMAKE_INSTALL_PREFIX=/home/aitor/ros2_ws/src/laboratorio-1-AigarciabFabero/practica_1/install/examples_rclcpp_minimal_action_server
[1.183s] -- The C compiler identification is GNU 11.4.0
[1.298s] -- The CXX compiler identification is GNU 11.4.0
[1.306s] -- Detecting C compiler ABI info
[1.478s] -- Detecting C compiler ABI info - done
[1.495s] -- Check for working C compiler: /usr/bin/cc - skipped
[1.496s] -- Detecting C compile features
[1.496s] -- Detecting C compile features - done
[1.501s] -- Detecting CXX compiler ABI info
[1.720s] -- Detecting CXX compiler ABI info - done
[1.734s] -- Check for working CXX compiler: /usr/bin/c++ - skipped
[1.734s] -- Detecting CXX compile features
[1.735s] -- Detecting CXX compile features - done
[1.877s] -- Found ament_cmake: 1.3.10 (/opt/ros/humble/share/ament_cmake/cmake)
[2.220s] -- Found Python3: /usr/bin/python3 (found version "3.10.12") found components: Interpreter 
[2.607s] -- Found example_interfaces: 0.9.3 (/opt/ros/humble/share/example_interfaces/cmake)
[3.049s] -- Found rosidl_generator_c: 3.1.5 (/opt/ros/humble/share/rosidl_generator_c/cmake)
[3.113s] -- Found rosidl_adapter: 3.1.5 (/opt/ros/humble/share/rosidl_adapter/cmake)
[3.126s] -- Found rosidl_generator_cpp: 3.1.5 (/opt/ros/humble/share/rosidl_generator_cpp/cmake)
[3.244s] -- Using all available rosidl_typesupport_c: rosidl_typesupport_fastrtps_c;rosidl_typesupport_introspection_c
[3.327s] -- Using all available rosidl_typesupport_cpp: rosidl_typesupport_fastrtps_cpp;rosidl_typesupport_introspection_cpp
[3.661s] -- Found rclcpp: 16.0.10 (/opt/ros/humble/share/rclcpp/cmake)
[3.707s] -- Found rmw_implementation_cmake: 6.1.2 (/opt/ros/humble/share/rmw_implementation_cmake/cmake)
[3.709s] -- Found rmw_fastrtps_cpp: 6.2.7 (/opt/ros/humble/share/rmw_fastrtps_cpp/cmake)
[4.205s] -- Found OpenSSL: /usr/lib/x86_64-linux-gnu/libcrypto.so (found version "3.0.2")  
[4.277s] -- Found FastRTPS: /opt/ros/humble/include  
[4.342s] -- Using RMW implementation 'rmw_fastrtps_cpp' as default
[4.414s] -- Looking for pthread.h
[4.614s] -- Looking for pthread.h - found
[4.615s] -- Performing Test CMAKE_HAVE_LIBC_PTHREAD
[4.770s] -- Performing Test CMAKE_HAVE_LIBC_PTHREAD - Success
[4.771s] -- Found Threads: TRUE  
[5.141s] -- Found rclcpp_action: 16.0.10 (/opt/ros/humble/share/rclcpp_action/cmake)
[5.193s] -- Found ament_lint_auto: 0.12.11 (/opt/ros/humble/share/ament_lint_auto/cmake)
[5.484s] -- Added test 'copyright' to check source files copyright and LICENSE
[5.484s] -- Added test 'cppcheck' to perform static code analysis on C / C++ code
[5.487s] -- Configured cppcheck include dirs: 
[5.487s] -- Configured cppcheck exclude dirs and/or files: 
[5.492s] -- Added test 'cpplint' to check C / C++ code against the Google style
[5.492s] -- Configured cpplint exclude dirs and/or files: 
[5.496s] -- Added test 'lint_cmake' to check CMake code style
[5.498s] -- Added test 'uncrustify' to check C / C++ code style
[5.498s] -- Configured uncrustify additional arguments: 
[5.498s] -- Added test 'xmllint' to check XML markup files
[5.498s] -- Configuring done
[5.529s] -- Generating done
[5.540s] -- Build files have been written to: /home/aitor/ros2_ws/src/laboratorio-1-AigarciabFabero/practica_1/build/examples_rclcpp_minimal_action_server
[5.590s] Invoked command in '/home/aitor/ros2_ws/src/laboratorio-1-AigarciabFabero/practica_1/build/examples_rclcpp_minimal_action_server' returned '0': CMAKE_PREFIX_PATH=/opt/ros/humble /usr/bin/cmake /home/aitor/ros2_ws/src/laboratorio-1-AigarciabFabero/practica_1/examples/rclcpp/actions/minimal_action_server -DCMAKE_INSTALL_PREFIX=/home/aitor/ros2_ws/src/laboratorio-1-AigarciabFabero/practica_1/install/examples_rclcpp_minimal_action_server
[5.591s] Invoking command in '/home/aitor/ros2_ws/src/laboratorio-1-AigarciabFabero/practica_1/build/examples_rclcpp_minimal_action_server': CMAKE_PREFIX_PATH=/opt/ros/humble /usr/bin/cmake --build /home/aitor/ros2_ws/src/laboratorio-1-AigarciabFabero/practica_1/build/examples_rclcpp_minimal_action_server -- -j12 -l12
[5.666s] [ 25%] [32mBuilding CXX object CMakeFiles/action_server_member_functions.dir/member_functions.cpp.o[0m
[5.684s] [ 50%] [32mBuilding CXX object CMakeFiles/action_server_not_composable.dir/not_composable.cpp.o[0m
[6.294s] gmake[2]: *** wait: No hay ningún proceso hijo.  Alto.
[6.294s] gmake[2]: *** Se espera a que terminen otras tareas....
[6.294s] gmake[2]: *** wait: No hay ningún proceso hijo.  Alto.
[6.294s] gmake[2]: *** [CMakeFiles/action_server_member_functions.dir/build.make:76: CMakeFiles/action_server_member_functions.dir/member_functions.cpp.o] Interrupción
[6.294s] gmake[1]: *** [CMakeFiles/Makefile2:139: CMakeFiles/action_server_member_functions.dir/all] Interrupción
[6.294s] gmake[1]: *** wait: No hay ningún proceso hijo.  Alto.
[6.294s] gmake[1]: *** Se espera a que terminen otras tareas....
[6.294s] gmake[1]: *** wait: No hay ningún proceso hijo.  Alto.
[6.294s] gmake: *** [Makefile:146: all] Error 2
[6.327s] Invoked command in '/home/aitor/ros2_ws/src/laboratorio-1-AigarciabFabero/practica_1/build/examples_rclcpp_minimal_action_server' returned '-2': CMAKE_PREFIX_PATH=/opt/ros/humble /usr/bin/cmake --build /home/aitor/ros2_ws/src/laboratorio-1-AigarciabFabero/practica_1/build/examples_rclcpp_minimal_action_server -- -j12 -l12
