[0.033s] Invoking command in '/home/aitor/ros2_ws/src/laboratorio-1-AigarciabFabero/practica_1/build/examples_rclcpp_minimal_action_client': CMAKE_PREFIX_PATH=/opt/ros/humble /usr/bin/cmake /home/aitor/ros2_ws/src/laboratorio-1-AigarciabFabero/practica_1/examples/rclcpp/actions/minimal_action_client -DCMAKE_INSTALL_PREFIX=/home/aitor/ros2_ws/src/laboratorio-1-AigarciabFabero/practica_1/install/examples_rclcpp_minimal_action_client
[1.182s] -- The C compiler identification is GNU 11.4.0
[1.301s] -- The CXX compiler identification is GNU 11.4.0
[1.312s] -- Detecting C compiler ABI info
[1.490s] -- Detecting C compiler ABI info - done
[1.509s] -- Check for working C compiler: /usr/bin/cc - skipped
[1.509s] -- Detecting C compile features
[1.509s] -- Detecting C compile features - done
[1.512s] -- Detecting CXX compiler ABI info
[1.718s] -- Detecting CXX compiler ABI info - done
[1.732s] -- Check for working CXX compiler: /usr/bin/c++ - skipped
[1.734s] -- Detecting CXX compile features
[1.734s] -- Detecting CXX compile features - done
[1.880s] -- Found ament_cmake: 1.3.10 (/opt/ros/humble/share/ament_cmake/cmake)
[2.222s] -- Found Python3: /usr/bin/python3 (found version "3.10.12") found components: Interpreter 
[2.609s] -- Found example_interfaces: 0.9.3 (/opt/ros/humble/share/example_interfaces/cmake)
[3.051s] -- Found rosidl_generator_c: 3.1.5 (/opt/ros/humble/share/rosidl_generator_c/cmake)
[3.115s] -- Found rosidl_adapter: 3.1.5 (/opt/ros/humble/share/rosidl_adapter/cmake)
[3.128s] -- Found rosidl_generator_cpp: 3.1.5 (/opt/ros/humble/share/rosidl_generator_cpp/cmake)
[3.247s] -- Using all available rosidl_typesupport_c: rosidl_typesupport_fastrtps_c;rosidl_typesupport_introspection_c
[3.329s] -- Using all available rosidl_typesupport_cpp: rosidl_typesupport_fastrtps_cpp;rosidl_typesupport_introspection_cpp
[3.663s] -- Found rclcpp: 16.0.10 (/opt/ros/humble/share/rclcpp/cmake)
[3.696s] -- Found rmw_implementation_cmake: 6.1.2 (/opt/ros/humble/share/rmw_implementation_cmake/cmake)
[3.698s] -- Found rmw_fastrtps_cpp: 6.2.7 (/opt/ros/humble/share/rmw_fastrtps_cpp/cmake)
[4.207s] -- Found OpenSSL: /usr/lib/x86_64-linux-gnu/libcrypto.so (found version "3.0.2")  
[4.275s] -- Found FastRTPS: /opt/ros/humble/include  
[4.340s] -- Using RMW implementation 'rmw_fastrtps_cpp' as default
[4.418s] -- Looking for pthread.h
[4.617s] -- Looking for pthread.h - found
[4.619s] -- Performing Test CMAKE_HAVE_LIBC_PTHREAD
[4.773s] -- Performing Test CMAKE_HAVE_LIBC_PTHREAD - Success
[4.774s] -- Found Threads: TRUE  
[5.143s] -- Found rclcpp_action: 16.0.10 (/opt/ros/humble/share/rclcpp_action/cmake)
[5.198s] -- Found ament_lint_auto: 0.12.11 (/opt/ros/humble/share/ament_lint_auto/cmake)
[5.486s] -- Added test 'copyright' to check source files copyright and LICENSE
[5.487s] -- Added test 'cppcheck' to perform static code analysis on C / C++ code
[5.488s] -- Configured cppcheck include dirs: 
[5.489s] -- Configured cppcheck exclude dirs and/or files: 
[5.495s] -- Added test 'cpplint' to check C / C++ code against the Google style
[5.495s] -- Configured cpplint exclude dirs and/or files: 
[5.495s] -- Added test 'lint_cmake' to check CMake code style
[5.498s] -- Added test 'uncrustify' to check C / C++ code style
[5.498s] -- Configured uncrustify additional arguments: 
[5.498s] -- Added test 'xmllint' to check XML markup files
[5.498s] -- Configuring done
[5.540s] -- Generating done
[5.544s] -- Build files have been written to: /home/aitor/ros2_ws/src/laboratorio-1-AigarciabFabero/practica_1/build/examples_rclcpp_minimal_action_client
[5.598s] Invoked command in '/home/aitor/ros2_ws/src/laboratorio-1-AigarciabFabero/practica_1/build/examples_rclcpp_minimal_action_client' returned '0': CMAKE_PREFIX_PATH=/opt/ros/humble /usr/bin/cmake /home/aitor/ros2_ws/src/laboratorio-1-AigarciabFabero/practica_1/examples/rclcpp/actions/minimal_action_client -DCMAKE_INSTALL_PREFIX=/home/aitor/ros2_ws/src/laboratorio-1-AigarciabFabero/practica_1/install/examples_rclcpp_minimal_action_client
[5.598s] Invoking command in '/home/aitor/ros2_ws/src/laboratorio-1-AigarciabFabero/practica_1/build/examples_rclcpp_minimal_action_client': CMAKE_PREFIX_PATH=/opt/ros/humble /usr/bin/cmake --build /home/aitor/ros2_ws/src/laboratorio-1-AigarciabFabero/practica_1/build/examples_rclcpp_minimal_action_client -- -j12 -l12
[5.729s] [ 12%] [32mBuilding CXX object CMakeFiles/action_client_member_functions.dir/member_functions.cpp.o[0m
[5.735s] [ 25%] [32mBuilding CXX object CMakeFiles/action_client_not_composable_with_cancel.dir/not_composable_with_cancel.cpp.o[0m
[5.750s] [ 37%] [32mBuilding CXX object CMakeFiles/action_client_not_composable.dir/not_composable.cpp.o[0m
[5.761s] [ 50%] [32mBuilding CXX object CMakeFiles/action_client_not_composable_with_feedback.dir/not_composable_with_feedback.cpp.o[0m
[6.311s] gmake[2]: *** wait: No hay ningún proceso hijo.  Alto.
[6.312s] gmake[2]: *** Se espera a que terminen otras tareas....
[6.312s] gmake[2]: *** wait: No hay ningún proceso hijo.  Alto.
[6.312s] gmake[1]: *** [CMakeFiles/Makefile2:221: CMakeFiles/action_client_not_composable_with_feedback.dir/all] Error 2
[6.312s] gmake[2]: *** [CMakeFiles/action_client_member_functions.dir/build.make:76: CMakeFiles/action_client_member_functions.dir/member_functions.cpp.o] Interrupción
[6.312s] gmake[2]: *** wait: No hay ningún proceso hijo.  Alto.
[6.313s] gmake[2]: *** Se espera a que terminen otras tareas....
[6.313s] gmake[2]: *** wait: No hay ningún proceso hijo.  Alto.
[6.313s] gmake[1]: *** [CMakeFiles/Makefile2:143: CMakeFiles/action_client_member_functions.dir/all] Interrupción
[6.313s] gmake[1]: *** [CMakeFiles/Makefile2:195: CMakeFiles/action_client_not_composable_with_cancel.dir/all] Error 2
[6.313s] gmake[2]: *** [CMakeFiles/action_client_not_composable.dir/build.make:76: CMakeFiles/action_client_not_composable.dir/not_composable.cpp.o] Interrupción
[6.313s] gmake[1]: *** [CMakeFiles/Makefile2:169: CMakeFiles/action_client_not_composable.dir/all] Interrupción
[6.313s] gmake: *** [Makefile:146: all] Interrupción
[6.329s] Invoked command in '/home/aitor/ros2_ws/src/laboratorio-1-AigarciabFabero/practica_1/build/examples_rclcpp_minimal_action_client' returned '-2': CMAKE_PREFIX_PATH=/opt/ros/humble /usr/bin/cmake --build /home/aitor/ros2_ws/src/laboratorio-1-AigarciabFabero/practica_1/build/examples_rclcpp_minimal_action_client -- -j12 -l12
